# JRE version: OpenJDK Runtime Environment (8.0_202-b03) (build 1.8.0_202-release-1483-b03)
# Java VM: OpenJDK 64-Bit Server VM (25.202-b03 mixed mode windows-amd64 compressed oops)
Heap:
 PSYoungGen      total 445952K, used 279535K [0x00000000d5580000, 0x00000000f4880000, 0x0000000100000000)
  eden space 382976K, 66% used [0x00000000d5580000,0x00000000e4e6e848,0x00000000ecb80000)
  from space 62976K, 39% used [0x00000000f0980000,0x00000000f218d3b8,0x00000000f4700000)
  to   space 63488K, 0% used [0x00000000ecb80000,0x00000000ecb80000,0x00000000f0980000)
 ParOldGen       total 344576K, used 67079K [0x0000000080000000, 0x0000000095080000, 0x00000000d5580000)
  object space 344576K, 19% used [0x0000000080000000,0x0000000084181e80,0x0000000095080000)
 Metaspace       used 100318K, capacity 104094K, committed 104192K, reserved 1140736K
  class space    used 12402K, capacity 13217K, committed 13312K, reserved 1048576K
GC Heap History (10 events):
Event: 244.515 GC heap before
{Heap before GC invocations=28 (full 4):
 PSYoungGen      total 359936K, used 299008K [0x00000000d5580000, 0x00000000f4700000, 0x0000000100000000)
  eden space 299008K, 100% used [0x00000000d5580000,0x00000000e7980000,0x00000000e7980000)
  from space 60928K, 0% used [0x00000000e7980000,0x00000000e7980000,0x00000000eb500000)
  to   space 62976K, 0% used [0x00000000f0980000,0x00000000f0980000,0x00000000f4700000)
 ParOldGen       total 344576K, used 65984K [0x0000000080000000, 0x0000000095080000, 0x00000000d5580000)
  object space 344576K, 19% used [0x0000000080000000,0x0000000084070078,0x0000000095080000)
 Metaspace       used 99726K, capacity 103462K, committed 103680K, reserved 1140736K
  class space    used 12382K, capacity 13215K, committed 13312K, reserved 1048576K
Event: 244.522 GC heap after
Heap after GC invocations=28 (full 4):
 PSYoungGen      total 445952K, used 6414K [0x00000000d5580000, 0x00000000f4880000, 0x0000000100000000)
  eden space 382976K, 0% used [0x00000000d5580000,0x00000000d5580000,0x00000000ecb80000)
  from space 62976K, 10% used [0x00000000f0980000,0x00000000f0fc39c8,0x00000000f4700000)
  to   space 63488K, 0% used [0x00000000ecb80000,0x00000000ecb80000,0x00000000f0980000)
 ParOldGen       total 344576K, used 65992K [0x0000000080000000, 0x0000000095080000, 0x00000000d5580000)
  object space 344576K, 19% used [0x0000000080000000,0x0000000084072078,0x0000000095080000)
 Metaspace       used 99726K, capacity 103462K, committed 103680K, reserved 1140736K
  class space    used 12382K, capacity 13215K, committed 13312K, reserved 1048576K
}
Event: 245.311 GC heap before
{Heap before GC invocations=29 (full 4):
 PSYoungGen      total 445952K, used 389390K [0x00000000d5580000, 0x00000000f4880000, 0x0000000100000000)
  eden space 382976K, 100% used [0x00000000d5580000,0x00000000ecb80000,0x00000000ecb80000)
  from space 62976K, 10% used [0x00000000f0980000,0x00000000f0fc39c8,0x00000000f4700000)
  to   space 63488K, 0% used [0x00000000ecb80000,0x00000000ecb80000,0x00000000f0980000)
 ParOldGen       total 344576K, used 65992K [0x0000000080000000, 0x0000000095080000, 0x00000000d5580000)
  object space 344576K, 19% used [0x0000000080000000,0x0000000084072078,0x0000000095080000)
 Metaspace       used 100093K, capacity 103818K, committed 103936K, reserved 1140736K
  class space    used 12402K, capacity 13217K, committed 13312K, reserved 1048576K
Event: 245.327 GC heap after
Heap after GC invocations=29 (full 4):
 PSYoungGen      total 446464K, used 12258K [0x00000000d5580000, 0x00000000f4880000, 0x0000000100000000)
  eden space 382976K, 0% used [0x00000000d5580000,0x00000000d5580000,0x00000000ecb80000)
  from space 63488K, 19% used [0x00000000ecb80000,0x00000000ed778b28,0x00000000f0980000)
  to   space 62976K, 0% used [0x00000000f0980000,0x00000000f0980000,0x00000000f4700000)
 ParOldGen       total 344576K, used 66000K [0x0000000080000000, 0x0000000095080000, 0x00000000d5580000)
  object space 344576K, 19% used [0x0000000080000000,0x0000000084074078,0x0000000095080000)
 Metaspace       used 100093K, capacity 103818K, committed 103936K, reserved 1140736K
  class space    used 12402K, capacity 13217K, committed 13312K, reserved 1048576K
}
Event: 245.995 GC heap before
{Heap before GC invocations=30 (full 4):
 PSYoungGen      total 446464K, used 395234K [0x00000000d5580000, 0x00000000f4880000, 0x0000000100000000)
  eden space 382976K, 100% used [0x00000000d5580000,0x00000000ecb80000,0x00000000ecb80000)
  from space 63488K, 19% used [0x00000000ecb80000,0x00000000ed778b28,0x00000000f0980000)
  to   space 62976K, 0% used [0x00000000f0980000,0x00000000f0980000,0x00000000f4700000)
 ParOldGen       total 344576K, used 67059K [0x0000000080000000, 0x0000000095080000, 0x00000000d5580000)
  object space 344576K, 19% used [0x0000000080000000,0x000000008417cdc0,0x0000000095080000)
 Metaspace       used 100214K, capacity 103958K, committed 104192K, reserved 1140736K
  class space    used 12402K, capacity 13217K, committed 13312K, reserved 1048576K
Event: 246.009 GC heap after
Heap after GC invocations=30 (full 4):
 PSYoungGen      total 445952K, used 14807K [0x00000000d5580000, 0x00000000f4880000, 0x0000000100000000)
  eden space 382976K, 0% used [0x00000000d5580000,0x00000000d5580000,0x00000000ecb80000)
  from space 62976K, 23% used [0x00000000f0980000,0x00000000f17f5d68,0x00000000f4700000)
  to   space 63488K, 0% used [0x00000000ecb80000,0x00000000ecb80000,0x00000000f0980000)
 ParOldGen       total 344576K, used 67067K [0x0000000080000000, 0x0000000095080000, 0x00000000d5580000)
  object space 344576K, 19% used [0x0000000080000000,0x000000008417edc0,0x0000000095080000)
 Metaspace       used 100214K, capacity 103958K, committed 104192K, reserved 1140736K
  class space    used 12402K, capacity 13217K, committed 13312K, reserved 1048576K
}
Event: 246.460 GC heap before
{Heap before GC invocations=31 (full 4):
 PSYoungGen      total 445952K, used 397783K [0x00000000d5580000, 0x00000000f4880000, 0x0000000100000000)
  eden space 382976K, 100% used [0x00000000d5580000,0x00000000ecb80000,0x00000000ecb80000)
  from space 62976K, 23% used [0x00000000f0980000,0x00000000f17f5d68,0x00000000f4700000)
  to   space 63488K, 0% used [0x00000000ecb80000,0x00000000ecb80000,0x00000000f0980000)
 ParOldGen       total 344576K, used 67071K [0x0000000080000000, 0x0000000095080000, 0x00000000d5580000)
  object space 344576K, 19% used [0x0000000080000000,0x000000008417fe80,0x0000000095080000)
 Metaspace       used 100249K, capacity 104022K, committed 104192K, reserved 1140736K
  class space    used 12402K, capacity 13217K, committed 13312K, reserved 1048576K
Event: 246.473 GC heap after
Heap after GC invocations=31 (full 4):
 PSYoungGen      total 446464K, used 20933K [0x00000000d5580000, 0x00000000f4880000, 0x0000000100000000)
  eden space 382976K, 0% used [0x00000000d5580000,0x00000000d5580000,0x00000000ecb80000)
  from space 63488K, 32% used [0x00000000ecb80000,0x00000000edff15a8,0x00000000f0980000)
  to   space 62976K, 0% used [0x00000000f0980000,0x00000000f0980000,0x00000000f4700000)
 ParOldGen       total 344576K, used 67079K [0x0000000080000000, 0x0000000095080000, 0x00000000d5580000)
  object space 344576K, 19% used [0x0000000080000000,0x0000000084181e80,0x0000000095080000)
 Metaspace       used 100249K, capacity 104022K, committed 104192K, reserved 1140736K
  class space    used 12402K, capacity 13217K, committed 13312K, reserved 1048576K
}
Event: 246.797 GC heap before
{Heap before GC invocations=32 (full 4):
 PSYoungGen      total 446464K, used 403909K [0x00000000d5580000, 0x00000000f4880000, 0x0000000100000000)
  eden space 382976K, 100% used [0x00000000d5580000,0x00000000ecb80000,0x00000000ecb80000)
  from space 63488K, 32% used [0x00000000ecb80000,0x00000000edff15a8,0x00000000f0980000)
  to   space 62976K, 0% used [0x00000000f0980000,0x00000000f0980000,0x00000000f4700000)
 ParOldGen       total 344576K, used 67079K [0x0000000080000000, 0x0000000095080000, 0x00000000d5580000)
  object space 344576K, 19% used [0x0000000080000000,0x0000000084181e80,0x0000000095080000)
 Metaspace       used 100311K, capacity 104094K, committed 104192K, reserved 1140736K
  class space    used 12402K, capacity 13217K, committed 13312K, reserved 1048576K
Event: 246.816 GC heap after
Heap after GC invocations=32 (full 4):
 PSYoungGen      total 445952K, used 24628K [0x00000000d5580000, 0x00000000f4880000, 0x0000000100000000)
  eden space 382976K, 0% used [0x00000000d5580000,0x00000000d5580000,0x00000000ecb80000)
  from space 62976K, 39% used [0x00000000f0980000,0x00000000f218d3b8,0x00000000f4700000)
  to   space 63488K, 0% used [0x00000000ecb80000,0x00000000ecb80000,0x00000000f0980000)
 ParOldGen       total 344576K, used 67079K [0x0000000080000000, 0x0000000095080000, 0x00000000d5580000)
  object space 344576K, 19% used [0x0000000080000000,0x0000000084181e80,0x0000000095080000)
 Metaspace       used 100311K, capacity 104094K, committed 104192K, reserved 1140736K
  class space    used 12402K, capacity 13217K, committed 13312K, reserved 1048576K
}

