# JRE version: OpenJDK Runtime Environment (8.0_202-b03) (build 1.8.0_202-release-1483-b03)
# Java VM: OpenJDK 64-Bit Server VM (25.202-b03 mixed mode windows-amd64 compressed oops)
Heap:
 PSYoungGen      total 139264K, used 14904K [0x00000000e0000000, 0x00000000eb000000, 0x0000000100000000)
  eden space 128512K, 3% used [0x00000000e0000000,0x00000000e0410fe8,0x00000000e7d80000)
  from space 10752K, 99% used [0x00000000e7d80000,0x00000000e87fd120,0x00000000e8800000)
  to   space 13824K, 0% used [0x00000000ea280000,0x00000000ea280000,0x00000000eb000000)
 ParOldGen       total 105472K, used 11634K [0x00000000a0000000, 0x00000000a6700000, 0x00000000e0000000)
  object space 105472K, 11% used [0x00000000a0000000,0x00000000a0b5cba8,0x00000000a6700000)
 Metaspace       used 33626K, capacity 34320K, committed 34560K, reserved 1079296K
  class space    used 4634K, capacity 4826K, committed 4864K, reserved 1048576K
GC Heap History (10 events):
Event: 4.215 GC heap before
{Heap before GC invocations=2 (full 0):
 PSYoungGen      total 76288K, used 72425K [0x00000000e0000000, 0x00000000e5500000, 0x0000000100000000)
  eden space 65536K, 100% used [0x00000000e0000000,0x00000000e4000000,0x00000000e4000000)
  from space 10752K, 64% used [0x00000000e4000000,0x00000000e46ba750,0x00000000e4a80000)
  to   space 10752K, 0% used [0x00000000e4a80000,0x00000000e4a80000,0x00000000e5500000)
 ParOldGen       total 175104K, used 8K [0x00000000a0000000, 0x00000000aab00000, 0x00000000e0000000)
  object space 175104K, 0% used [0x00000000a0000000,0x00000000a0002000,0x00000000aab00000)
 Metaspace       used 15397K, capacity 15804K, committed 16000K, reserved 1062912K
  class space    used 2183K, capacity 2322K, committed 2432K, reserved 1048576K
Event: 4.226 GC heap after
Heap after GC invocations=2 (full 0):
 PSYoungGen      total 76288K, used 10508K [0x00000000e0000000, 0x00000000e5500000, 0x0000000100000000)
  eden space 65536K, 0% used [0x00000000e0000000,0x00000000e0000000,0x00000000e4000000)
  from space 10752K, 97% used [0x00000000e4a80000,0x00000000e54c31c8,0x00000000e5500000)
  to   space 10752K, 0% used [0x00000000e4000000,0x00000000e4000000,0x00000000e4a80000)
 ParOldGen       total 175104K, used 16K [0x00000000a0000000, 0x00000000aab00000, 0x00000000e0000000)
  object space 175104K, 0% used [0x00000000a0000000,0x00000000a0004000,0x00000000aab00000)
 Metaspace       used 15397K, capacity 15804K, committed 16000K, reserved 1062912K
  class space    used 2183K, capacity 2322K, committed 2432K, reserved 1048576K
}
Event: 4.752 GC heap before
{Heap before GC invocations=3 (full 0):
 PSYoungGen      total 76288K, used 58129K [0x00000000e0000000, 0x00000000e5500000, 0x0000000100000000)
  eden space 65536K, 72% used [0x00000000e0000000,0x00000000e2e81470,0x00000000e4000000)
  from space 10752K, 97% used [0x00000000e4a80000,0x00000000e54c31c8,0x00000000e5500000)
  to   space 10752K, 0% used [0x00000000e4000000,0x00000000e4000000,0x00000000e4a80000)
 ParOldGen       total 175104K, used 16K [0x00000000a0000000, 0x00000000aab00000, 0x00000000e0000000)
  object space 175104K, 0% used [0x00000000a0000000,0x00000000a0004000,0x00000000aab00000)
 Metaspace       used 20687K, capacity 21096K, committed 21248K, reserved 1067008K
  class space    used 2856K, capacity 3034K, committed 3072K, reserved 1048576K
Event: 4.765 GC heap after
Heap after GC invocations=3 (full 0):
 PSYoungGen      total 76288K, used 10724K [0x00000000e0000000, 0x00000000e9500000, 0x0000000100000000)
  eden space 65536K, 0% used [0x00000000e0000000,0x00000000e0000000,0x00000000e4000000)
  from space 10752K, 99% used [0x00000000e4000000,0x00000000e4a79280,0x00000000e4a80000)
  to   space 10752K, 0% used [0x00000000e8a80000,0x00000000e8a80000,0x00000000e9500000)
 ParOldGen       total 175104K, used 389K [0x00000000a0000000, 0x00000000aab00000, 0x00000000e0000000)
  object space 175104K, 0% used [0x00000000a0000000,0x00000000a00615b0,0x00000000aab00000)
 Metaspace       used 20687K, capacity 21096K, committed 21248K, reserved 1067008K
  class space    used 2856K, capacity 3034K, committed 3072K, reserved 1048576K
}
Event: 4.765 GC heap before
{Heap before GC invocations=4 (full 1):
 PSYoungGen      total 76288K, used 10724K [0x00000000e0000000, 0x00000000e9500000, 0x0000000100000000)
  eden space 65536K, 0% used [0x00000000e0000000,0x00000000e0000000,0x00000000e4000000)
  from space 10752K, 99% used [0x00000000e4000000,0x00000000e4a79280,0x00000000e4a80000)
  to   space 10752K, 0% used [0x00000000e8a80000,0x00000000e8a80000,0x00000000e9500000)
 ParOldGen       total 175104K, used 389K [0x00000000a0000000, 0x00000000aab00000, 0x00000000e0000000)
  object space 175104K, 0% used [0x00000000a0000000,0x00000000a00615b0,0x00000000aab00000)
 Metaspace       used 20687K, capacity 21096K, committed 21248K, reserved 1067008K
  class space    used 2856K, capacity 3034K, committed 3072K, reserved 1048576K
Event: 4.808 GC heap after
Heap after GC invocations=4 (full 1):
 PSYoungGen      total 76288K, used 0K [0x00000000e0000000, 0x00000000e9500000, 0x0000000100000000)
  eden space 65536K, 0% used [0x00000000e0000000,0x00000000e0000000,0x00000000e4000000)
  from space 10752K, 0% used [0x00000000e4000000,0x00000000e4000000,0x00000000e4a80000)
  to   space 10752K, 0% used [0x00000000e8a80000,0x00000000e8a80000,0x00000000e9500000)
 ParOldGen       total 105472K, used 10794K [0x00000000a0000000, 0x00000000a6700000, 0x00000000e0000000)
  object space 105472K, 10% used [0x00000000a0000000,0x00000000a0a8aae0,0x00000000a6700000)
 Metaspace       used 20687K, capacity 21096K, committed 21248K, reserved 1067008K
  class space    used 2856K, capacity 3034K, committed 3072K, reserved 1048576K
}
Event: 16.047 GC heap before
{Heap before GC invocations=5 (full 1):
 PSYoungGen      total 76288K, used 65536K [0x00000000e0000000, 0x00000000e9500000, 0x0000000100000000)
  eden space 65536K, 100% used [0x00000000e0000000,0x00000000e4000000,0x00000000e4000000)
  from space 10752K, 0% used [0x00000000e4000000,0x00000000e4000000,0x00000000e4a80000)
  to   space 10752K, 0% used [0x00000000e8a80000,0x00000000e8a80000,0x00000000e9500000)
 ParOldGen       total 105472K, used 10794K [0x00000000a0000000, 0x00000000a6700000, 0x00000000e0000000)
  object space 105472K, 10% used [0x00000000a0000000,0x00000000a0a8aae0,0x00000000a6700000)
 Metaspace       used 27802K, capacity 28374K, committed 28672K, reserved 1073152K
  class space    used 3799K, capacity 3987K, committed 4096K, reserved 1048576K
Event: 16.052 GC heap after
Heap after GC invocations=5 (full 1):
 PSYoungGen      total 106496K, used 7986K [0x00000000e0000000, 0x00000000e9280000, 0x0000000100000000)
  eden space 98304K, 0% used [0x00000000e0000000,0x00000000e0000000,0x00000000e6000000)
  from space 8192K, 97% used [0x00000000e8a80000,0x00000000e924cb28,0x00000000e9280000)
  to   space 10752K, 0% used [0x00000000e7d80000,0x00000000e7d80000,0x00000000e8800000)
 ParOldGen       total 105472K, used 10802K [0x00000000a0000000, 0x00000000a6700000, 0x00000000e0000000)
  object space 105472K, 10% used [0x00000000a0000000,0x00000000a0a8cae0,0x00000000a6700000)
 Metaspace       used 27802K, capacity 28374K, committed 28672K, reserved 1073152K
  class space    used 3799K, capacity 3987K, committed 4096K, reserved 1048576K
}
Event: 16.661 GC heap before
{Heap before GC invocations=6 (full 1):
 PSYoungGen      total 106496K, used 106290K [0x00000000e0000000, 0x00000000e9280000, 0x0000000100000000)
  eden space 98304K, 100% used [0x00000000e0000000,0x00000000e6000000,0x00000000e6000000)
  from space 8192K, 97% used [0x00000000e8a80000,0x00000000e924cb28,0x00000000e9280000)
  to   space 10752K, 0% used [0x00000000e7d80000,0x00000000e7d80000,0x00000000e8800000)
 ParOldGen       total 105472K, used 10802K [0x00000000a0000000, 0x00000000a6700000, 0x00000000e0000000)
  object space 105472K, 10% used [0x00000000a0000000,0x00000000a0a8cae0,0x00000000a6700000)
 Metaspace       used 33622K, capacity 34320K, committed 34560K, reserved 1079296K
  class space    used 4633K, capacity 4826K, committed 4864K, reserved 1048576K
Event: 16.672 GC heap after
Heap after GC invocations=6 (full 1):
 PSYoungGen      total 139264K, used 10740K [0x00000000e0000000, 0x00000000eb000000, 0x0000000100000000)
  eden space 128512K, 0% used [0x00000000e0000000,0x00000000e0000000,0x00000000e7d80000)
  from space 10752K, 99% used [0x00000000e7d80000,0x00000000e87fd120,0x00000000e8800000)
  to   space 13824K, 0% used [0x00000000ea280000,0x00000000ea280000,0x00000000eb000000)
 ParOldGen       total 105472K, used 11634K [0x00000000a0000000, 0x00000000a6700000, 0x00000000e0000000)
  object space 105472K, 11% used [0x00000000a0000000,0x00000000a0b5cba8,0x00000000a6700000)
 Metaspace       used 33622K, capacity 34320K, committed 34560K, reserved 1079296K
  class space    used 4633K, capacity 4826K, committed 4864K, reserved 1048576K
}

